mode: count
github.com/WIZARD-CXY/cxy-sdn/util/util.go:20.51,22.16 2 2
github.com/WIZARD-CXY/cxy-sdn/util/util.go:26.2,26.35 1 2
github.com/WIZARD-CXY/cxy-sdn/util/util.go:31.2,31.12 1 1
github.com/WIZARD-CXY/cxy-sdn/util/util.go:22.16,24.3 1 0
github.com/WIZARD-CXY/cxy-sdn/util/util.go:26.35,27.66 1 2
github.com/WIZARD-CXY/cxy-sdn/util/util.go:27.66,29.4 1 1
github.com/WIZARD-CXY/cxy-sdn/util/util.go:35.61,36.62 1 4
github.com/WIZARD-CXY/cxy-sdn/util/util.go:39.2,39.62 1 3
github.com/WIZARD-CXY/cxy-sdn/util/util.go:42.2,42.14 1 2
github.com/WIZARD-CXY/cxy-sdn/util/util.go:36.62,38.3 1 1
github.com/WIZARD-CXY/cxy-sdn/util/util.go:39.62,41.3 1 1
github.com/WIZARD-CXY/cxy-sdn/util/util.go:46.56,53.35 2 8
github.com/WIZARD-CXY/cxy-sdn/util/util.go:56.2,56.24 1 8
github.com/WIZARD-CXY/cxy-sdn/util/util.go:53.35,55.3 1 32
github.com/WIZARD-CXY/cxy-sdn/util/util.go:60.52,62.16 2 4
github.com/WIZARD-CXY/cxy-sdn/util/util.go:66.2,67.16 2 3
github.com/WIZARD-CXY/cxy-sdn/util/util.go:71.2,71.21 1 3
github.com/WIZARD-CXY/cxy-sdn/util/util.go:75.2,75.20 1 2
github.com/WIZARD-CXY/cxy-sdn/util/util.go:79.2,79.28 1 2
github.com/WIZARD-CXY/cxy-sdn/util/util.go:62.16,64.3 1 1
github.com/WIZARD-CXY/cxy-sdn/util/util.go:67.16,69.3 1 0
github.com/WIZARD-CXY/cxy-sdn/util/util.go:71.21,73.3 1 1
github.com/WIZARD-CXY/cxy-sdn/util/util.go:75.20,77.3 0 1
github.com/WIZARD-CXY/cxy-sdn/util/util.go:82.42,85.16 3 1
github.com/WIZARD-CXY/cxy-sdn/util/util.go:88.2,88.17 1 1
github.com/WIZARD-CXY/cxy-sdn/util/util.go:91.2,91.30 1 0
github.com/WIZARD-CXY/cxy-sdn/util/util.go:85.16,87.3 1 0
github.com/WIZARD-CXY/cxy-sdn/util/util.go:88.17,90.3 1 1
github.com/WIZARD-CXY/cxy-sdn/util/util.go:94.37,96.16 2 4
github.com/WIZARD-CXY/cxy-sdn/util/util.go:99.2,99.33 1 4
github.com/WIZARD-CXY/cxy-sdn/util/util.go:96.16,98.3 1 0
github.com/WIZARD-CXY/cxy-sdn/util/util.go:102.39,104.16 2 1
github.com/WIZARD-CXY/cxy-sdn/util/util.go:107.2,107.35 1 1
github.com/WIZARD-CXY/cxy-sdn/util/util.go:104.16,106.3 1 0
github.com/WIZARD-CXY/cxy-sdn/util/util.go:110.53,112.16 2 1
github.com/WIZARD-CXY/cxy-sdn/util/util.go:115.2,115.44 1 1
github.com/WIZARD-CXY/cxy-sdn/util/util.go:112.16,114.3 1 0
github.com/WIZARD-CXY/cxy-sdn/util/util.go:118.63,120.16 2 0
github.com/WIZARD-CXY/cxy-sdn/util/util.go:123.2,123.43 1 0
github.com/WIZARD-CXY/cxy-sdn/util/util.go:120.16,122.3 1 0
github.com/WIZARD-CXY/cxy-sdn/util/util.go:126.63,128.16 2 1
github.com/WIZARD-CXY/cxy-sdn/util/util.go:131.2,131.44 1 1
github.com/WIZARD-CXY/cxy-sdn/util/util.go:128.16,130.3 1 0
github.com/WIZARD-CXY/cxy-sdn/util/util.go:134.52,137.16 3 3
github.com/WIZARD-CXY/cxy-sdn/util/util.go:140.2,142.15 3 2
github.com/WIZARD-CXY/cxy-sdn/util/util.go:146.2,147.16 2 1
github.com/WIZARD-CXY/cxy-sdn/util/util.go:150.2,155.39 2 1
github.com/WIZARD-CXY/cxy-sdn/util/util.go:137.16,139.3 1 1
github.com/WIZARD-CXY/cxy-sdn/util/util.go:142.15,144.3 1 1
github.com/WIZARD-CXY/cxy-sdn/util/util.go:147.16,149.3 1 0
github.com/WIZARD-CXY/cxy-sdn/util/util.go:158.57,160.16 2 3
github.com/WIZARD-CXY/cxy-sdn/util/util.go:163.2,164.16 2 2
github.com/WIZARD-CXY/cxy-sdn/util/util.go:167.2,167.51 1 1
github.com/WIZARD-CXY/cxy-sdn/util/util.go:160.16,162.3 1 1
github.com/WIZARD-CXY/cxy-sdn/util/util.go:164.16,166.3 1 1
github.com/WIZARD-CXY/cxy-sdn/util/util.go:170.54,172.16 2 7
github.com/WIZARD-CXY/cxy-sdn/util/util.go:176.2,177.16 2 6
github.com/WIZARD-CXY/cxy-sdn/util/util.go:180.2,181.37 2 5
github.com/WIZARD-CXY/cxy-sdn/util/util.go:172.16,174.3 1 1
github.com/WIZARD-CXY/cxy-sdn/util/util.go:177.16,179.3 1 1
github.com/WIZARD-CXY/cxy-sdn/util/util.go:184.41,186.16 2 2
github.com/WIZARD-CXY/cxy-sdn/util/util.go:189.2,189.39 1 1
github.com/WIZARD-CXY/cxy-sdn/util/util.go:186.16,188.3 1 1
github.com/WIZARD-CXY/cxy-sdn/util/util.go:192.55,194.17 2 3
github.com/WIZARD-CXY/cxy-sdn/util/util.go:197.2,198.16 2 2
github.com/WIZARD-CXY/cxy-sdn/util/util.go:201.2,201.22 1 1
github.com/WIZARD-CXY/cxy-sdn/util/util.go:204.2,205.16 2 1
github.com/WIZARD-CXY/cxy-sdn/util/util.go:208.2,208.31 1 1
github.com/WIZARD-CXY/cxy-sdn/util/util.go:194.17,196.3 1 1
github.com/WIZARD-CXY/cxy-sdn/util/util.go:198.16,200.3 1 1
github.com/WIZARD-CXY/cxy-sdn/util/util.go:201.22,203.3 1 0
github.com/WIZARD-CXY/cxy-sdn/util/util.go:205.16,207.3 1 0
github.com/WIZARD-CXY/cxy-sdn/util/util.go:212.30,214.2 1 2
github.com/WIZARD-CXY/cxy-sdn/util/util.go:217.30,219.2 1 0
github.com/WIZARD-CXY/cxy-sdn/util/util.go:222.36,224.2 1 19
github.com/WIZARD-CXY/cxy-sdn/util/util.go:229.34,232.39 2 3
github.com/WIZARD-CXY/cxy-sdn/util/util.go:238.2,238.14 1 1
github.com/WIZARD-CXY/cxy-sdn/util/util.go:232.39,233.18 1 19
github.com/WIZARD-CXY/cxy-sdn/util/util.go:233.18,236.4 2 2
github.com/WIZARD-CXY/cxy-sdn/util/util.go:242.40,245.28 2 0
github.com/WIZARD-CXY/cxy-sdn/util/util.go:245.28,247.3 1 0
github.com/WIZARD-CXY/cxy-sdn/util/util.go:247.3,249.3 1 0
github.com/WIZARD-CXY/cxy-sdn/util/util.go:254.29,256.16 2 0
github.com/WIZARD-CXY/cxy-sdn/util/util.go:259.2,259.31 1 0
github.com/WIZARD-CXY/cxy-sdn/util/util.go:288.2,288.48 1 0
github.com/WIZARD-CXY/cxy-sdn/util/util.go:256.16,258.3 1 0
github.com/WIZARD-CXY/cxy-sdn/util/util.go:259.31,260.34 1 0
github.com/WIZARD-CXY/cxy-sdn/util/util.go:263.3,263.40 1 0
github.com/WIZARD-CXY/cxy-sdn/util/util.go:266.3,267.17 2 0
github.com/WIZARD-CXY/cxy-sdn/util/util.go:270.3,270.30 1 0
github.com/WIZARD-CXY/cxy-sdn/util/util.go:260.34,261.12 1 0
github.com/WIZARD-CXY/cxy-sdn/util/util.go:263.40,264.12 1 0
github.com/WIZARD-CXY/cxy-sdn/util/util.go:267.17,269.4 1 0
github.com/WIZARD-CXY/cxy-sdn/util/util.go:270.30,272.28 2 0
github.com/WIZARD-CXY/cxy-sdn/util/util.go:278.4,278.36 1 0
github.com/WIZARD-CXY/cxy-sdn/util/util.go:281.4,282.17 2 0
github.com/WIZARD-CXY/cxy-sdn/util/util.go:285.4,285.27 1 0
github.com/WIZARD-CXY/cxy-sdn/util/util.go:273.4,274.14 1 0
github.com/WIZARD-CXY/cxy-sdn/util/util.go:275.4,276.14 1 0
github.com/WIZARD-CXY/cxy-sdn/util/util.go:278.36,279.13 1 0
github.com/WIZARD-CXY/cxy-sdn/util/util.go:282.17,283.13 1 0
